<?xml version="1.0" encoding="UTF-8"?>
<!-- Generated by org.testng.reporters.JUnitXMLReporter -->
<testsuite hostname="Suresh-PC" ignored="0" name="Command line test" tests="3" failures="0" timestamp="31 Oct 2018 13:48:20 GMT" time="0.14" errors="0">
  <testcase name="@BeforeMethod setUp" time="0.016" classname="com.freecrm.qa.testcases.LoginPageTest">
    <failure type="java.lang.NullPointerException">
      <![CDATA[java.lang.NullPointerException
at com.freecrm.qa.base.TestBase.initialization(TestBase.java:45)
at com.freecrm.qa.testcases.LoginPageTest.setUp(LoginPageTest.java:26)
... Removed 37 stack frames]]>
    </failure>
  </testcase> <!-- @BeforeMethod setUp -->
  <testcase name="@AfterMethod tearDown" time="0.0" classname="com.freecrm.qa.testcases.LoginPageTest">
    <skipped/>
  </testcase> <!-- @AfterMethod tearDown -->
  <testcase name="@BeforeMethod setUp" time="0.0" classname="com.freecrm.qa.testcases.LoginPageTest">
    <skipped/>
  </testcase> <!-- @BeforeMethod setUp -->
  <testcase name="@AfterMethod tearDown" time="0.0" classname="com.freecrm.qa.testcases.LoginPageTest">
    <skipped/>
  </testcase> <!-- @AfterMethod tearDown -->
  <testcase name="@BeforeMethod setUp" time="0.0" classname="com.freecrm.qa.testcases.LoginPageTest">
    <skipped/>
  </testcase> <!-- @BeforeMethod setUp -->
  <testcase name="@AfterMethod tearDown" time="0.0" classname="com.freecrm.qa.testcases.LoginPageTest">
    <skipped/>
  </testcase> <!-- @AfterMethod tearDown -->
  <testcase name="loginPageTitleTest" time="0.0" classname="com.freecrm.qa.testcases.LoginPageTest">
    <skipped/>
  </testcase> <!-- loginPageTitleTest -->
  <testcase name="crmImageLogotest" time="0.0" classname="com.freecrm.qa.testcases.LoginPageTest">
    <skipped/>
  </testcase> <!-- crmImageLogotest -->
  <testcase name="logintest" time="0.0" classname="com.freecrm.qa.testcases.LoginPageTest">
    <skipped/>
  </testcase> <!-- logintest -->
</testsuite> <!-- Command line test -->
