<?xml version="1.0" encoding="UTF-8"?>
<!-- Generated by org.testng.reporters.JUnitXMLReporter -->
<testsuite hostname="Suresh-PC" ignored="0" name="Default test" tests="3" failures="0" timestamp="01 Nov 2018 07:41:06 GMT" time="55.882" errors="0">
  <testcase name="loginPageTitleTest" time="0.135" classname="com.freecrm.qa.testcases.LoginPageTest"/>
  <testcase name="crmImageLogotest" time="0.258" classname="com.freecrm.qa.testcases.LoginPageTest"/>
  <testcase name="logintest" time="9.697" classname="com.freecrm.qa.testcases.LoginPageTest"/>
</testsuite> <!-- Default test -->
