-------------------------------------------------------------------------------
Test set: com.freecrm.qa.testcases.LoginPageTest
-------------------------------------------------------------------------------
Tests run: 9, Failures: 1, Errors: 0, Skipped: 8, Time elapsed: 3.898 sec <<< FAILURE!
setUp(com.freecrm.qa.testcases.LoginPageTest)  Time elapsed: 3.383 sec  <<< FAILURE!
java.lang.NullPointerException
	at com.freecrm.qa.base.TestBase.initialization(TestBase.java:45)
	at com.freecrm.qa.testcases.LoginPageTest.setUp(LoginPageTest.java:26)

