<?xml version="1.0" encoding="UTF-8" ?>
<testsuite tests="9" failures="1" name="com.freecrm.qa.testcases.LoginPageTest" time="30.507" errors="0" skipped="8">
  <properties>
[...]
</properties>
  <testcase classname="com.freecrm.qa.testcases.LoginPageTest" name="setUp" time="3.383">
    <failure type="java.lang.NullPointerException">java.lang.NullPointerException
	at com.freecrm.qa.base.TestBase.initialization(TestBase.java:45)
	at com.freecrm.qa.testcases.LoginPageTest.setUp(LoginPageTest.java:26)
</failure>
    <system-out>Configuring TestNG with: org.apache.maven.surefire.testng.conf.TestNG652Configurator@16b3fc9e
</system-out>
    <system-err>java.io.FileNotFoundException: D:\Selenium\java Examples\FreeCRMTest_SureshD:\Selenium\java Examples\FreeCRMTest_Suresh\src\main\java\com\freecrm\qa\config\config.properties (The filename, directory name, or volume label syntax is incorrect)
	at java.io.FileInputStream.open(Native Method)
	at java.io.FileInputStream.&lt;init&gt;(FileInputStream.java:138)
	at java.io.FileInputStream.&lt;init&gt;(FileInputStream.java:93)
	at com.freecrm.qa.base.TestBase.&lt;init&gt;(TestBase.java:26)
	at com.freecrm.qa.testcases.LoginPageTest.&lt;init&gt;(LoginPageTest.java:20)
	at sun.reflect.NativeConstructorAccessorImpl.newInstance0(Native Method)
	at sun.reflect.NativeConstructorAccessorImpl.newInstance(NativeConstructorAccessorImpl.java:62)
	at sun.reflect.DelegatingConstructorAccessorImpl.newInstance(DelegatingConstructorAccessorImpl.java:45)
	at java.lang.reflect.Constructor.newInstance(Constructor.java:408)
	at org.testng.internal.ObjectFactoryImpl.newInstance(ObjectFactoryImpl.java:24)
	at org.testng.internal.ClassHelper.createInstance1(ClassHelper.java:423)
	at org.testng.internal.ClassHelper.createInstance(ClassHelper.java:336)
	at org.testng.internal.ClassImpl.getDefaultInstance(ClassImpl.java:125)
	at org.testng.internal.ClassImpl.getInstances(ClassImpl.java:190)
	at org.testng.TestClass.getInstances(TestClass.java:95)
	at org.testng.TestClass.initTestClassesAndInstances(TestClass.java:81)
	at org.testng.TestClass.init(TestClass.java:73)
	at org.testng.TestClass.&lt;init&gt;(TestClass.java:38)
	at org.testng.TestRunner.initMethods(TestRunner.java:389)
	at org.testng.TestRunner.init(TestRunner.java:271)
	at org.testng.TestRunner.init(TestRunner.java:241)
	at org.testng.TestRunner.&lt;init&gt;(TestRunner.java:167)
	at org.testng.SuiteRunner$DefaultTestRunnerFactory.newTestRunner(SuiteRunner.java:663)
	at org.testng.SuiteRunner.init(SuiteRunner.java:260)
	at org.testng.SuiteRunner.&lt;init&gt;(SuiteRunner.java:198)
	at org.testng.TestNG.createSuiteRunner(TestNG.java:1295)
	at org.testng.TestNG.createSuiteRunners(TestNG.java:1273)
	at org.testng.TestNG.runSuitesLocally(TestNG.java:1128)
	at org.testng.TestNG.runSuites(TestNG.java:1049)
	at org.testng.TestNG.run(TestNG.java:1017)
	at org.apache.maven.surefire.testng.TestNGExecutor.run(TestNGExecutor.java:77)
	at org.apache.maven.surefire.testng.TestNGDirectoryTestSuite.execute(TestNGDirectoryTestSuite.java:110)
	at org.apache.maven.surefire.testng.TestNGProvider.invoke(TestNGProvider.java:106)
	at sun.reflect.NativeMethodAccessorImpl.invoke0(Native Method)
	at sun.reflect.NativeMethodAccessorImpl.invoke(NativeMethodAccessorImpl.java:62)
	at sun.reflect.DelegatingMethodAccessorImpl.invoke(DelegatingMethodAccessorImpl.java:43)
	at java.lang.reflect.Method.invoke(Method.java:483)
	at org.apache.maven.surefire.util.ReflectionUtils.invokeMethodWithArray(ReflectionUtils.java:189)
	at org.apache.maven.surefire.booter.ProviderFactory$ProviderProxy.invoke(ProviderFactory.java:165)
	at org.apache.maven.surefire.booter.ProviderFactory.invokeProvider(ProviderFactory.java:85)
	at org.apache.maven.surefire.booter.ForkedBooter.runSuitesInProcess(ForkedBooter.java:115)
	at org.apache.maven.surefire.booter.ForkedBooter.main(ForkedBooter.java:75)
</system-err>
  </testcase>
  <testcase classname="com.freecrm.qa.testcases.LoginPageTest" name="loginPageTitleTest" time="3.383">
    <skipped/>
  </testcase>
  <testcase classname="com.freecrm.qa.testcases.LoginPageTest" name="tearDown" time="3.383">
    <skipped/>
  </testcase>
  <testcase classname="com.freecrm.qa.testcases.LoginPageTest" name="setUp" time="3.383">
    <skipped/>
  </testcase>
  <testcase classname="com.freecrm.qa.testcases.LoginPageTest" name="crmImageLogotest" time="3.383">
    <skipped/>
  </testcase>
  <testcase classname="com.freecrm.qa.testcases.LoginPageTest" name="tearDown" time="3.398">
    <skipped/>
  </testcase>
  <testcase classname="com.freecrm.qa.testcases.LoginPageTest" name="setUp" time="3.398">
    <skipped/>
  </testcase>
  <testcase classname="com.freecrm.qa.testcases.LoginPageTest" name="logintest" time="3.398">
    <skipped/>
  </testcase>
  <testcase classname="com.freecrm.qa.testcases.LoginPageTest" name="tearDown" time="3.398">
    <skipped/>
  </testcase>
</testsuite>