<?xml version="1.0" encoding="UTF-8"?>
<testng-results skipped="0" failed="0" ignored="0" total="3" passed="3">
  <reporter-output>
  </reporter-output>
  <suite name="Default suite" duration-ms="55882" started-at="2018-11-01T07:40:10Z" finished-at="2018-11-01T07:41:06Z">
    <groups>
    </groups>
    <test name="Default test" duration-ms="55882" started-at="2018-11-01T07:40:10Z" finished-at="2018-11-01T07:41:06Z">
      <class name="com.freecrm.qa.testcases.LoginPageTest">
        <test-method status="PASS" signature="setUp()[pri:0, instance:com.freecrm.qa.testcases.LoginPageTest@553f17c]" name="setUp" is-config="true" duration-ms="18581" started-at="2018-11-01T07:40:10Z" finished-at="2018-11-01T07:40:28Z">
          <reporter-output>
          </reporter-output>
        </test-method> <!-- setUp -->
        <test-method status="PASS" signature="loginPageTitleTest()[pri:1, instance:com.freecrm.qa.testcases.LoginPageTest@553f17c]" name="loginPageTitleTest" duration-ms="135" started-at="2018-11-01T07:40:28Z" finished-at="2018-11-01T07:40:29Z">
          <reporter-output>
          </reporter-output>
        </test-method> <!-- loginPageTitleTest -->
        <test-method status="PASS" signature="tearDown()[pri:0, instance:com.freecrm.qa.testcases.LoginPageTest@553f17c]" name="tearDown" is-config="true" duration-ms="1457" started-at="2018-11-01T07:40:29Z" finished-at="2018-11-01T07:40:30Z">
          <reporter-output>
          </reporter-output>
        </test-method> <!-- tearDown -->
        <test-method status="PASS" signature="setUp()[pri:0, instance:com.freecrm.qa.testcases.LoginPageTest@553f17c]" name="setUp" is-config="true" duration-ms="10973" started-at="2018-11-01T07:40:30Z" finished-at="2018-11-01T07:40:41Z">
          <reporter-output>
          </reporter-output>
        </test-method> <!-- setUp -->
        <test-method status="PASS" signature="crmImageLogotest()[pri:2, instance:com.freecrm.qa.testcases.LoginPageTest@553f17c]" name="crmImageLogotest" duration-ms="258" started-at="2018-11-01T07:40:41Z" finished-at="2018-11-01T07:40:41Z">
          <reporter-output>
          </reporter-output>
        </test-method> <!-- crmImageLogotest -->
        <test-method status="PASS" signature="tearDown()[pri:0, instance:com.freecrm.qa.testcases.LoginPageTest@553f17c]" name="tearDown" is-config="true" duration-ms="1239" started-at="2018-11-01T07:40:41Z" finished-at="2018-11-01T07:40:42Z">
          <reporter-output>
          </reporter-output>
        </test-method> <!-- tearDown -->
        <test-method status="PASS" signature="setUp()[pri:0, instance:com.freecrm.qa.testcases.LoginPageTest@553f17c]" name="setUp" is-config="true" duration-ms="11804" started-at="2018-11-01T07:40:42Z" finished-at="2018-11-01T07:40:54Z">
          <reporter-output>
          </reporter-output>
        </test-method> <!-- setUp -->
        <test-method status="PASS" signature="logintest()[pri:3, instance:com.freecrm.qa.testcases.LoginPageTest@553f17c]" name="logintest" duration-ms="9697" started-at="2018-11-01T07:40:54Z" finished-at="2018-11-01T07:41:04Z">
          <reporter-output>
          </reporter-output>
        </test-method> <!-- logintest -->
        <test-method status="PASS" signature="tearDown()[pri:0, instance:com.freecrm.qa.testcases.LoginPageTest@553f17c]" name="tearDown" is-config="true" duration-ms="1556" started-at="2018-11-01T07:41:04Z" finished-at="2018-11-01T07:41:06Z">
          <reporter-output>
          </reporter-output>
        </test-method> <!-- tearDown -->
      </class> <!-- com.freecrm.qa.testcases.LoginPageTest -->
    </test> <!-- Default test -->
  </suite> <!-- Default suite -->
</testng-results>
